<?xml version="1.0" encoding="UTF-8"?>
<!-- Generated by org.testng.reporters.JUnitXMLReporter -->
<testsuite hostname="DESKTOP-MDQS5A3" ignored="0" name="Default test" tests="3" failures="0" timestamp="2020-06-04T10:31:01 MST" time="0.082" errors="0">
  <testcase name="login" time="0.014" classname="com.TestNG.DependsOnGroups"/>
  <testcase name="logut" time="0.002" classname="com.TestNG.DependsOnGroups"/>
  <testcase name="search" time="0.006" classname="com.TestNG.DependsOnGroups"/>
</testsuite> <!-- Default test -->
