<?xml version="1.0" encoding="UTF-8"?>
<testng-results skipped="0" failed="0" ignored="1" total="3" passed="2">
  <reporter-output>
  </reporter-output>
  <suite name="Suite" duration-ms="71" started-at="2020-06-05T02:24:55 MST" finished-at="2020-06-05T02:24:55 MST">
    <groups>
      <group name="regressiontesting">
        <method signature="DependsOnGroups.search()[pri:0, instance:com.TestNG.DependsOnGroups@de3a06f]" name="search" class="com.TestNG.DependsOnGroups"/>
      </group> <!-- regressiontesting -->
      <group name="sanitytesting">
        <method signature="DependsOnGroups.login()[pri:0, instance:com.TestNG.DependsOnGroups@de3a06f]" name="login" class="com.TestNG.DependsOnGroups"/>
      </group> <!-- sanitytesting -->
      <group name="smoketesting">
        <method signature="DependsOnGroups.login()[pri:0, instance:com.TestNG.DependsOnGroups@de3a06f]" name="login" class="com.TestNG.DependsOnGroups"/>
        <method signature="DependsOnGroups.search()[pri:0, instance:com.TestNG.DependsOnGroups@de3a06f]" name="search" class="com.TestNG.DependsOnGroups"/>
      </group> <!-- smoketesting -->
    </groups>
    <test name="Test" duration-ms="71" started-at="2020-06-05T02:24:55 MST" finished-at="2020-06-05T02:24:55 MST">
      <class name="com.TestNG.DependsOnGroups">
        <test-method status="PASS" signature="login()[pri:0, instance:com.TestNG.DependsOnGroups@de3a06f]" name="login" duration-ms="13" started-at="2020-06-05T02:24:55 MST" finished-at="2020-06-05T02:24:55 MST">
          <reporter-output>
          </reporter-output>
        </test-method> <!-- login -->
        <test-method status="PASS" signature="search()[pri:0, instance:com.TestNG.DependsOnGroups@de3a06f]" name="search" duration-ms="2" started-at="2020-06-05T02:24:55 MST" finished-at="2020-06-05T02:24:55 MST">
          <reporter-output>
          </reporter-output>
        </test-method> <!-- search -->
      </class> <!-- com.TestNG.DependsOnGroups -->
    </test> <!-- Test -->
  </suite> <!-- Suite -->
</testng-results>
