<?xml version="1.0" encoding="UTF-8"?>
<!-- Generated by org.testng.reporters.JUnitXMLReporter -->
<testsuite hostname="DESKTOP-MDQS5A3" ignored="1" name="Test" tests="2" failures="0" timestamp="2020-06-05T02:24:55 MST" time="0.071" errors="0">
  <testcase name="login" time="0.013" classname="com.TestNG.DependsOnGroups"/>
  <testcase name="search" time="0.002" classname="com.TestNG.DependsOnGroups"/>
  <testcase name="logut" time="0.0" classname="com.TestNG.DependsOnGroups">
    <ignored/>
  </testcase> <!-- logut -->
</testsuite> <!-- Test -->
